# Pgm pickup - storage file. 1  PU(s), located at keywords with first label : #End
# Pgm avorpr. Brute record at pick-ups :
#  PU#          Pos        S_Yco        S_Tco        S_Zco        S_Pco          S_L            D          S_t       #traj  Pass#
               (cm)         (cm)       (mrad)         (cm)       (mrad)         (cm)       (dp/p)       (mu_s)
     1   0.0000000E+00   6.4203E+01   4.0564E+00   0.0000E+00   0.0000E+00   0.0000E+00   6.9459E-01   2.9823E+03     1100      1    4.2344E+00   7.7628E-02   0.0000E+00   0.0000E+00   0.0000E+00   8.0857E+03   1.2149E-03   1901 MARKER     #End                                     

# PU_average (over trajct and pass #) : 
           Y               T                Z              P             path-L          D              time
    6.42033013E+01  4.05644969E+00  0.00000000E+00  0.00000000E+00  0.00000000E+00  6.94592779E-01  2.98232875E+03

 Max-PUSignal  
    6.42033013E+01  4.05644969E+00  0.000000E+00  0.000000E+00  0.000000E+00  6.945928E-01  2.98232875E+03
 Min-PUSignal  
    6.42033013E+01  4.05644969E+00  0.000000E+00  0.000000E+00  0.000000E+00  6.945928E-01  2.98232875E+03
     1   0.0000000E+00   1.0377E+02  -1.4528E+01  -1.9571E+01  -8.7023E+00   0.0000E+00   1.7789E+00   5.9647E+03     1100      2    1.0809E+01   3.0943E-01   3.9338E-01   7.7884E-02   0.0000E+00   3.2343E+04   4.2500E-03   1901 MARKER     #End                                     

# PU_average (over trajct and pass #) : 
           Y               T                Z              P             path-L          D              time
    8.39861481E+01 -5.23593817E+00 -9.78561278E+00 -4.35115331E+00  0.00000000E+00  1.23674498E+00  2.98232903E+03

 Max-PUSignal  
    8.39861481E+01 -5.23593817E+00 -9.785613E+00 -4.351153E+00  0.000000E+00  1.236745E+00  2.98232903E+03
 Min-PUSignal  
    8.39861481E+01 -5.23593817E+00 -9.785613E+00 -4.351153E+00  0.000000E+00  1.236745E+00  2.98232903E+03
     1   0.0000000E+00   8.8156E+01  -3.2975E+01  -4.9790E+01  -3.0526E+00   0.0000E+00   3.1644E+00   8.9470E+03     1100      3    8.3983E+00   1.1794E+00   2.4411E+00   2.7739E-02   0.0000E+00   7.2771E+04   1.0945E-02   1901 MARKER     #End                                     

# PU_average (over trajct and pass #) : 
           Y               T                Z              P             path-L          D              time
    8.53759440E+01 -1.44822313E+01 -2.31203844E+01 -3.91831648E+00  0.00000000E+00  1.87929809E+00  2.98232941E+03

 Max-PUSignal  
    8.53759440E+01 -1.44822313E+01 -2.312038E+01 -3.918316E+00  0.000000E+00  1.879298E+00  2.98232941E+03
 Min-PUSignal  
    8.53759440E+01 -1.44822313E+01 -2.312038E+01 -3.918316E+00  0.000000E+00  1.879298E+00  2.98232941E+03
     1   0.0000000E+00   5.0579E+01  -3.2322E+01  -5.3544E+01   2.4592E+01   0.0000E+00   4.8493E+00   1.1929E+04     1100      4    3.7678E+00   1.1694E+00   2.9206E+00   6.4949E-01   0.0000E+00   1.2937E+05   2.3532E-02   1901 MARKER     #End                                     

# PU_average (over trajct and pass #) : 
           Y               T                Z              P             path-L          D              time
    7.66766954E+01 -1.89421400E+01 -3.07263648E+01  3.20935189E+00  0.00000000E+00  2.62180394E+00  2.98232989E+03

 Max-PUSignal  
    7.66766954E+01 -1.89421400E+01 -3.072636E+01  3.209352E+00  0.000000E+00  2.621804E+00  2.98232989E+03
 Min-PUSignal  
    7.66766954E+01 -1.89421400E+01 -3.072636E+01  3.209352E+00  0.000000E+00  2.621804E+00  2.98232989E+03
     1   0.0000000E+00   2.4851E+01  -1.9245E+01  -1.5384E+01   4.4738E+01   0.0000E+00   6.6579E+00   1.4912E+04     1100      5    1.9528E+00   5.8540E-01   6.7522E-01   2.0363E+00   0.0000E+00   2.0214E+05   4.2604E-02   1901 MARKER     #End                                     

# PU_average (over trajct and pass #) : 
           Y               T                Z              P             path-L          D              time
    6.63115587E+01 -1.90027285E+01 -2.76578062E+01  1.15150908E+01  0.00000000E+00  3.42902246E+00  2.98233045E+03

 Max-PUSignal  
    6.63115587E+01 -1.90027285E+01 -2.765781E+01  1.151509E+01  0.000000E+00  3.429022E+00  2.98233045E+03
 Min-PUSignal  
    6.63115587E+01 -1.90027285E+01 -2.765781E+01  1.151509E+01  0.000000E+00  3.429022E+00  2.98233045E+03
     1   0.0000000E+00   4.9005E+00  -9.4040E+00   3.0927E+01   2.7945E+01   0.0000E+00   8.5723E+00   1.7894E+04     1100      6    1.4451E+00   3.3223E-01   1.5601E+00   1.0137E+00   0.0000E+00   2.9109E+05   6.9095E-02   1901 MARKER     #End                                     

# PU_average (over trajct and pass #) : 
           Y               T                Z              P             path-L          D              time
    5.60763906E+01 -1.74029433E+01 -1.78936938E+01  1.42534130E+01  0.00000000E+00  4.28624334E+00  2.98233107E+03

 Max-PUSignal  
    5.60763906E+01 -1.74029433E+01 -1.789369E+01  1.425341E+01  0.000000E+00  4.286243E+00  2.98233107E+03
 Min-PUSignal  
    5.60763906E+01 -1.74029433E+01 -1.789369E+01  1.425341E+01  0.000000E+00  4.286243E+00  2.98233107E+03
     1   0.0000000E+00  -2.2616E+01  -3.4000E+00   4.1187E+01  -1.2201E+01   0.0000E+00   1.0494E+01   2.0876E+04     1100      7    1.8786E+00   2.6000E-01   2.3708E+00   5.8952E-01   0.0000E+00   3.9620E+05   1.0252E-01   1901 MARKER     #End                                     

# PU_average (over trajct and pass #) : 
           Y               T                Z              P             path-L          D              time
    4.48346522E+01 -1.54025220E+01 -9.45356412E+00  1.04742551E+01  0.00000000E+00  5.17307899E+00  2.98233173E+03

 Max-PUSignal  
    4.48346522E+01 -1.54025220E+01 -9.453564E+00  1.047426E+01  0.000000E+00  5.173079E+00  2.98233173E+03
 Min-PUSignal  
    4.48346522E+01 -1.54025220E+01 -9.453564E+00  1.047426E+01  0.000000E+00  5.173079E+00  2.98233173E+03
     1   0.0000000E+00   0.0000E+00   0.0000E+00   0.0000E+00   0.0000E+00   0.0000E+00   0.0000E+00   0.0000E+00        0      8    0.0000E+00   0.0000E+00   0.0000E+00   0.0000E+00   0.0000E+00   0.0000E+00   0.0000E+00   1901 MARKER     #End                                     

# PU_average (over trajct and pass #) : 
           Y               T                Z              P             path-L          D              time
    3.92303206E+01 -1.34772067E+01 -8.27186861E+00  9.16497325E+00  0.00000000E+00  4.52644412E+00  2.60954027E+03

 Max-PUSignal  
    3.92303206E+01 -1.34772067E+01 -8.271869E+00  9.164973E+00  0.000000E+00  4.526444E+00  2.60954027E+03
 Min-PUSignal  
    3.92303206E+01 -1.34772067E+01 -8.271869E+00  9.164973E+00  0.000000E+00  4.526444E+00  2.60954027E+03
