# Pgm pickup - storage file. 1  PU(s), located at keywords with first label : #End
# Pgm avorpr. Brute record at pick-ups :
#  PU#          Pos        S_Yco        S_Tco        S_Zco        S_Pco          S_L            D          S_t       #traj  Pass#
               (cm)         (cm)       (mrad)         (cm)       (mrad)         (cm)       (dp/p)       (mu_s)
     1   0.0000000E+00   3.5710E+01   1.9408E+00   0.0000E+00   0.0000E+00   0.0000E+00   3.6561E-01   1.6267E+03      600      1    2.4131E+00   3.7499E-02   0.0000E+00   0.0000E+00   0.0000E+00   4.4104E+03   6.7101E-04   1901 MARKER     #End                                     

# PU_average (over trajct and pass #) : 
           Y               T                Z              P             path-L          D              time
    3.57104597E+01  1.94078458E+00  0.00000000E+00  0.00000000E+00  0.00000000E+00  3.65611147E-01  1.62672477E+03

 Max-PUSignal  
    3.57104597E+01  1.94078458E+00  0.000000E+00  0.000000E+00  0.000000E+00  3.656111E-01  1.62672477E+03
 Min-PUSignal  
    3.57104597E+01  1.94078458E+00  0.000000E+00  0.000000E+00  0.000000E+00  3.656111E-01  1.62672477E+03
     1   0.0000000E+00   5.5936E+01  -8.1932E+00  -1.0886E+01  -4.8406E+00   0.0000E+00   9.5788E-01   3.2534E+03      600      2    5.7473E+00   1.8559E-01   2.2420E-01   4.4405E-02   0.0000E+00   1.7642E+04   2.3261E-03   1901 MARKER     #End                                     

# PU_average (over trajct and pass #) : 
           Y               T                Z              P             path-L          D              time
    4.58231576E+01 -3.12622477E+00 -5.44322905E+00 -2.42029723E+00  0.00000000E+00  6.61747167E-01  1.62672492E+03

 Max-PUSignal  
    4.58231576E+01 -3.12622477E+00 -5.443229E+00 -2.420297E+00  0.000000E+00  6.617472E-01  1.62672492E+03
 Min-PUSignal  
    4.58231576E+01 -3.12622477E+00 -5.443229E+00 -2.420297E+00  0.000000E+00  6.617472E-01  1.62672492E+03
     1   0.0000000E+00   0.0000E+00   0.0000E+00   0.0000E+00   0.0000E+00   0.0000E+00   0.0000E+00   0.0000E+00        0      3    0.0000E+00   0.0000E+00   0.0000E+00   0.0000E+00   0.0000E+00   0.0000E+00   0.0000E+00   1901 MARKER     #End                                     

# PU_average (over trajct and pass #) : 
           Y               T                Z              P             path-L          D              time
    3.05487717E+01 -2.08414985E+00 -3.62881937E+00 -1.61353149E+00  0.00000000E+00  4.41164778E-01  1.08448328E+03

 Max-PUSignal  
    3.05487717E+01 -2.08414985E+00 -3.628819E+00 -1.613531E+00  0.000000E+00  4.411648E-01  1.08448328E+03
 Min-PUSignal  
    3.05487717E+01 -2.08414985E+00 -3.628819E+00 -1.613531E+00  0.000000E+00  4.411648E-01  1.08448328E+03
