# Pgm pickup - storage file. 1  PU(s), located at keywords with first label : #End
# Pgm avorpr. Brute record at pick-ups :
#  PU#          Pos        S_Yco        S_Tco        S_Zco        S_Pco          S_L            D          S_t       #traj  Pass#
               (cm)         (cm)       (mrad)         (cm)       (mrad)         (cm)       (dp/p)       (mu_s)
     1   0.0000000E+00   6.4203E+01   4.0564E+00   0.0000E+00   0.0000E+00   0.0000E+00   6.9459E-01   2.9823E+03     1100      1    4.2344E+00   7.7628E-02   0.0000E+00   0.0000E+00   0.0000E+00   8.0857E+03   1.2149E-03   1901 MARKER     #End                                     

# PU_average (over trajct and pass #) : 
           Y               T                Z              P             path-L          D              time
    6.42033013E+01  4.05644969E+00  0.00000000E+00  0.00000000E+00  0.00000000E+00  6.94592779E-01  2.98232875E+03

 Max-PUSignal  
    6.42033013E+01  4.05644969E+00  0.000000E+00  0.000000E+00  0.000000E+00  6.945928E-01  2.98232875E+03
 Min-PUSignal  
    6.42033013E+01  4.05644969E+00  0.000000E+00  0.000000E+00  0.000000E+00  6.945928E-01  2.98232875E+03
     1   0.0000000E+00   1.0377E+02  -1.4528E+01  -1.9571E+01  -8.7023E+00   0.0000E+00   1.7789E+00   5.9647E+03     1100      2    1.0809E+01   3.0943E-01   3.9338E-01   7.7884E-02   0.0000E+00   3.2343E+04   4.2500E-03   1901 MARKER     #End                                     

# PU_average (over trajct and pass #) : 
           Y               T                Z              P             path-L          D              time
    8.39861481E+01 -5.23593817E+00 -9.78561278E+00 -4.35115331E+00  0.00000000E+00  1.23674498E+00  2.98232903E+03

 Max-PUSignal  
    8.39861481E+01 -5.23593817E+00 -9.785613E+00 -4.351153E+00  0.000000E+00  1.236745E+00  2.98232903E+03
 Min-PUSignal  
    8.39861481E+01 -5.23593817E+00 -9.785613E+00 -4.351153E+00  0.000000E+00  1.236745E+00  2.98232903E+03
     1   0.0000000E+00   0.0000E+00   0.0000E+00   0.0000E+00   0.0000E+00   0.0000E+00   0.0000E+00   0.0000E+00        0      3    0.0000E+00   0.0000E+00   0.0000E+00   0.0000E+00   0.0000E+00   0.0000E+00   0.0000E+00   1901 MARKER     #End                                     

# PU_average (over trajct and pass #) : 
           Y               T                Z              P             path-L          D              time
    5.59907654E+01 -3.49062545E+00 -6.52374185E+00 -2.90076887E+00  0.00000000E+00  8.24496653E-01  1.98821935E+03

 Max-PUSignal  
    5.59907654E+01 -3.49062545E+00 -6.523742E+00 -2.900769E+00  0.000000E+00  8.244967E-01  1.98821935E+03
 Min-PUSignal  
    5.59907654E+01 -3.49062545E+00 -6.523742E+00 -2.900769E+00  0.000000E+00  8.244967E-01  1.98821935E+03
