# Pgm pickup - storage file. 1  PU(s), located at keywords with first label : #End
# Pgm avorpr. Brute record at pick-ups :
#  PU#          Pos        S_Yco        S_Tco        S_Zco        S_Pco          S_L            D          S_t       #traj  Pass#
               (cm)         (cm)       (mrad)         (cm)       (mrad)         (cm)       (dp/p)       (mu_s)
     1   0.0000000E+00   5.8031E+00   2.6916E-01   0.0000E+00   0.0000E+00   0.0000E+00   6.1024E-02   2.7112E+02      100      1    3.8320E-01   5.1103E-03   0.0000E+00   0.0000E+00   0.0000E+00   7.3506E+02   1.1292E-04   1901 MARKER     #End                                     

# PU_average (over trajct and pass #) : 
           Y               T                Z              P             path-L          D              time
    5.80310575E+00  2.69158370E-01  0.00000000E+00  0.00000000E+00  0.00000000E+00  6.10239615E-02  2.71120796E+02

 Max-PUSignal  
    5.80310575E+00  2.69158370E-01  0.000000E+00  0.000000E+00  0.000000E+00  6.102396E-02  2.71120796E+02
 Min-PUSignal  
    5.80310575E+00  2.69158370E-01  0.000000E+00  0.000000E+00  0.000000E+00  6.102396E-02  2.71120796E+02
     1   0.0000000E+00   9.1464E+00  -1.3577E+00  -1.7692E+00  -7.8627E-01   0.0000E+00   1.6175E-01   5.4224E+02      100      2    9.1819E-01   3.0125E-02   3.5605E-02   7.0468E-03   0.0000E+00   2.9403E+03   4.0957E-04   1901 MARKER     #End                                     

# PU_average (over trajct and pass #) : 
           Y               T                Z              P             path-L          D              time
    7.47476272E+00 -5.44288532E-01 -8.84578651E-01 -3.93134890E-01  0.00000000E+00  1.11386766E-01  2.71120821E+02

 Max-PUSignal  
    7.47476272E+00 -5.44288532E-01 -8.845787E-01 -3.931349E-01  0.000000E+00  1.113868E-01  2.71120821E+02
 Min-PUSignal  
    7.47476272E+00 -5.44288532E-01 -8.845787E-01 -3.931349E-01  0.000000E+00  1.113868E-01  2.71120821E+02
     1   0.0000000E+00   0.0000E+00   0.0000E+00   0.0000E+00   0.0000E+00   0.0000E+00   0.0000E+00   0.0000E+00        0      3    0.0000E+00   0.0000E+00   0.0000E+00   0.0000E+00   0.0000E+00   0.0000E+00   0.0000E+00   1901 MARKER     #End                                     

# PU_average (over trajct and pass #) : 
           Y               T                Z              P             path-L          D              time
    4.98317515E+00 -3.62859021E-01 -5.89719101E-01 -2.62089926E-01  0.00000000E+00  7.42578440E-02  1.80747214E+02

 Max-PUSignal  
    4.98317515E+00 -3.62859021E-01 -5.897191E-01 -2.620899E-01  0.000000E+00  7.425784E-02  1.80747214E+02
 Min-PUSignal  
    4.98317515E+00 -3.62859021E-01 -5.897191E-01 -2.620899E-01  0.000000E+00  7.425784E-02  1.80747214E+02
