# Pgm pickup - storage file. 1  PU(s), located at keywords with first label : #End
# Pgm avorpr. Brute record at pick-ups :
#  PU#          Pos        S_Yco        S_Tco        S_Zco        S_Pco          S_L            D          S_t       #traj  Pass#
               (cm)         (cm)       (mrad)         (cm)       (mrad)         (cm)       (dp/p)       (mu_s)
     1   0.0000000E+00   3.5710E+01   1.9408E+00   0.0000E+00   0.0000E+00   0.0000E+00   3.6561E-01   1.6267E+03      600      1    2.4131E+00   3.7499E-02   0.0000E+00   0.0000E+00   0.0000E+00   4.4104E+03   6.7101E-04   1901 MARKER     #End                                     

# PU_average (over trajct and pass #) : 
           Y               T                Z              P             path-L          D              time
    3.57104597E+01  1.94078458E+00  0.00000000E+00  0.00000000E+00  0.00000000E+00  3.65611147E-01  1.62672477E+03

 Max-PUSignal  
    3.57104597E+01  1.94078458E+00  0.000000E+00  0.000000E+00  0.000000E+00  3.656111E-01  1.62672477E+03
 Min-PUSignal  
    3.57104597E+01  1.94078458E+00  0.000000E+00  0.000000E+00  0.000000E+00  3.656111E-01  1.62672477E+03
     1   0.0000000E+00   5.5936E+01  -8.1932E+00  -1.0886E+01  -4.8406E+00   0.0000E+00   9.5788E-01   3.2534E+03      600      2    5.7473E+00   1.8559E-01   2.2420E-01   4.4405E-02   0.0000E+00   1.7642E+04   2.3261E-03   1901 MARKER     #End                                     

# PU_average (over trajct and pass #) : 
           Y               T                Z              P             path-L          D              time
    4.58231576E+01 -3.12622477E+00 -5.44322905E+00 -2.42029723E+00  0.00000000E+00  6.61747167E-01  1.62672492E+03

 Max-PUSignal  
    4.58231576E+01 -3.12622477E+00 -5.443229E+00 -2.420297E+00  0.000000E+00  6.617472E-01  1.62672492E+03
 Min-PUSignal  
    4.58231576E+01 -3.12622477E+00 -5.443229E+00 -2.420297E+00  0.000000E+00  6.617472E-01  1.62672492E+03
     1   0.0000000E+00   4.7198E+01  -1.7888E+01  -2.7156E+01  -1.4642E+00   0.0000E+00   1.7013E+00   4.8802E+03      600      3    4.4844E+00   6.3565E-01   1.3359E+00   1.3111E-02   0.0000E+00   3.9694E+04   5.9491E-03   1901 MARKER     #End                                     

# PU_average (over trajct and pass #) : 
           Y               T                Z              P             path-L          D              time
    4.62815766E+01 -8.04685565E+00 -1.26806855E+01 -2.10161250E+00  0.00000000E+00  1.00826988E+00  1.62672513E+03

 Max-PUSignal  
    4.62815766E+01 -8.04685565E+00 -1.268069E+01 -2.101612E+00  0.000000E+00  1.008270E+00  1.62672513E+03
 Min-PUSignal  
    4.62815766E+01 -8.04685565E+00 -1.268069E+01 -2.101612E+00  0.000000E+00  1.008270E+00  1.62672513E+03
     1   0.0000000E+00   2.6788E+01  -1.7383E+01  -2.8735E+01   1.3608E+01   0.0000E+00   2.6120E+00   6.5069E+03      600      4    2.0635E+00   6.3951E-01   1.5472E+00   3.7073E-01   0.0000E+00   7.0566E+04   1.2645E-02   1901 MARKER     #End                                     

# PU_average (over trajct and pass #) : 
           Y               T                Z              P             path-L          D              time
    4.14082204E+01 -1.03808364E+01 -1.66943598E+01  1.82579945E+00  0.00000000E+00  1.40919229E+00  1.62672539E+03

 Max-PUSignal  
    4.14082204E+01 -1.03808364E+01 -1.669436E+01  1.825799E+00  0.000000E+00  1.409192E+00  1.62672539E+03
 Min-PUSignal  
    4.14082204E+01 -1.03808364E+01 -1.669436E+01  1.825799E+00  0.000000E+00  1.409192E+00  1.62672539E+03
     1   0.0000000E+00   1.3936E+01  -1.0169E+01  -7.7355E+00   2.4228E+01   0.0000E+00   3.5754E+00   8.1336E+03      600      5    1.1670E+00   3.2226E-01   3.8781E-01   1.0936E+00   0.0000E+00   1.1026E+05   2.2636E-02   1901 MARKER     #End                                     

# PU_average (over trajct and pass #) : 
           Y               T                Z              P             path-L          D              time
    3.59137932E+01 -1.03384907E+01 -1.49025975E+01  6.30614424E+00  0.00000000E+00  1.84243783E+00  1.62672568E+03

 Max-PUSignal  
    3.59137932E+01 -1.03384907E+01 -1.490260E+01  6.306144E+00  0.000000E+00  1.842438E+00  1.62672568E+03
 Min-PUSignal  
    3.59137932E+01 -1.03384907E+01 -1.490260E+01  6.306144E+00  0.000000E+00  1.842438E+00  1.62672568E+03
     1   0.0000000E+00   3.7982E+00  -4.7997E+00   1.6877E+01   1.4617E+01   0.0000E+00   4.6494E+00   9.7604E+03      600      6    8.0223E-01   1.9325E-01   8.7251E-01   5.3539E-01   0.0000E+00   1.5877E+05   3.7526E-02   1901 MARKER     #End                                     

# PU_average (over trajct and pass #) : 
           Y               T                Z              P             path-L          D              time
    3.05611923E+01 -9.41535813E+00 -9.60597671E+00  7.69133897E+00  0.00000000E+00  2.31026111E+00  1.62672602E+03

 Max-PUSignal  
    3.05611923E+01 -9.41535813E+00 -9.605977E+00  7.691339E+00  0.000000E+00  2.310261E+00  1.62672602E+03
 Min-PUSignal  
    3.05611923E+01 -9.41535813E+00 -9.605977E+00  7.691339E+00  0.000000E+00  2.310261E+00  1.62672602E+03
     1   0.0000000E+00  -1.1313E+01  -2.5164E+00   2.1490E+01  -7.0735E+00   0.0000E+00   5.7255E+00   1.1387E+04      600      7    1.0486E+00   1.4672E-01   1.2184E+00   3.5857E-01   0.0000E+00   2.1611E+05   5.6068E-02   1901 MARKER     #End                                     

# PU_average (over trajct and pass #) : 
           Y               T                Z              P             path-L          D              time
    2.45791222E+01 -8.42979836E+00 -5.16365492E+00  5.58208137E+00  0.00000000E+00  2.79815582E+00  1.62672638E+03

 Max-PUSignal  
    2.45791222E+01 -8.42979836E+00 -5.163655E+00  5.582081E+00  0.000000E+00  2.798156E+00  1.62672638E+03
 Min-PUSignal  
    2.45791222E+01 -8.42979836E+00 -5.163655E+00  5.582081E+00  0.000000E+00  2.798156E+00  1.62672638E+03
     1   0.0000000E+00   0.0000E+00   0.0000E+00   0.0000E+00   0.0000E+00   0.0000E+00   0.0000E+00   0.0000E+00        0      8    0.0000E+00   0.0000E+00   0.0000E+00   0.0000E+00   0.0000E+00   0.0000E+00   0.0000E+00   1901 MARKER     #End                                     

# PU_average (over trajct and pass #) : 
           Y               T                Z              P             path-L          D              time
    2.15067319E+01 -7.37607356E+00 -4.51819805E+00  4.88432120E+00  0.00000000E+00  2.44838635E+00  1.42338558E+03

 Max-PUSignal  
    2.15067319E+01 -7.37607356E+00 -4.518198E+00  4.884321E+00  0.000000E+00  2.448386E+00  1.42338558E+03
 Min-PUSignal  
    2.15067319E+01 -7.37607356E+00 -4.518198E+00  4.884321E+00  0.000000E+00  2.448386E+00  1.42338558E+03
