# Pgm pickup - storage file. 1  PU(s), located at keywords with first label : #End
# Pgm avorpr. Brute record at pick-ups :
#  PU#          Pos        S_Yco        S_Tco        S_Zco        S_Pco          S_L            D          S_t       #traj  Pass#
               (cm)         (cm)       (mrad)         (cm)       (mrad)         (cm)       (dp/p)       (mu_s)
     1   0.0000000E+00   6.4203E+01   4.0564E+00   0.0000E+00   0.0000E+00   0.0000E+00   6.9459E-01   2.9823E+03     1100      1    4.2344E+00   7.7628E-02   0.0000E+00   0.0000E+00   0.0000E+00   8.0857E+03   1.2149E-03   1901 MARKER     #End                                     

# PU_average (over trajct and pass #) : 
           Y               T                Z              P             path-L          D              time
    6.42033013E+01  4.05644969E+00  0.00000000E+00  0.00000000E+00  0.00000000E+00  6.94592779E-01  2.98232875E+03

 Max-PUSignal  
    6.42033013E+01  4.05644969E+00  0.000000E+00  0.000000E+00  0.000000E+00  6.945928E-01  2.98232875E+03
 Min-PUSignal  
    6.42033013E+01  4.05644969E+00  0.000000E+00  0.000000E+00  0.000000E+00  6.945928E-01  2.98232875E+03
     1   0.0000000E+00   1.0377E+02  -1.4528E+01  -1.9571E+01  -8.7023E+00   0.0000E+00   1.7789E+00   5.9647E+03     1100      2    1.0809E+01   3.0943E-01   3.9338E-01   7.7884E-02   0.0000E+00   3.2343E+04   4.2500E-03   1901 MARKER     #End                                     

# PU_average (over trajct and pass #) : 
           Y               T                Z              P             path-L          D              time
    8.39861481E+01 -5.23593817E+00 -9.78561278E+00 -4.35115331E+00  0.00000000E+00  1.23674498E+00  2.98232903E+03

 Max-PUSignal  
    8.39861481E+01 -5.23593817E+00 -9.785613E+00 -4.351153E+00  0.000000E+00  1.236745E+00  2.98232903E+03
 Min-PUSignal  
    8.39861481E+01 -5.23593817E+00 -9.785613E+00 -4.351153E+00  0.000000E+00  1.236745E+00  2.98232903E+03
     1   0.0000000E+00   8.8156E+01  -3.2975E+01  -4.9790E+01  -3.0526E+00   0.0000E+00   3.1644E+00   8.9470E+03     1100      3    8.3983E+00   1.1794E+00   2.4411E+00   2.7739E-02   0.0000E+00   7.2771E+04   1.0945E-02   1901 MARKER     #End                                     

# PU_average (over trajct and pass #) : 
           Y               T                Z              P             path-L          D              time
    8.53759440E+01 -1.44822313E+01 -2.31203844E+01 -3.91831648E+00  0.00000000E+00  1.87929809E+00  2.98232941E+03

 Max-PUSignal  
    8.53759440E+01 -1.44822313E+01 -2.312038E+01 -3.918316E+00  0.000000E+00  1.879298E+00  2.98232941E+03
 Min-PUSignal  
    8.53759440E+01 -1.44822313E+01 -2.312038E+01 -3.918316E+00  0.000000E+00  1.879298E+00  2.98232941E+03
     1   0.0000000E+00   5.0579E+01  -3.2322E+01  -5.3544E+01   2.4592E+01   0.0000E+00   4.8493E+00   1.1929E+04     1100      4    3.7678E+00   1.1694E+00   2.9206E+00   6.4949E-01   0.0000E+00   1.2937E+05   2.3532E-02   1901 MARKER     #End                                     

# PU_average (over trajct and pass #) : 
           Y               T                Z              P             path-L          D              time
    7.66766954E+01 -1.89421400E+01 -3.07263648E+01  3.20935189E+00  0.00000000E+00  2.62180394E+00  2.98232989E+03

 Max-PUSignal  
    7.66766954E+01 -1.89421400E+01 -3.072636E+01  3.209352E+00  0.000000E+00  2.621804E+00  2.98232989E+03
 Min-PUSignal  
    7.66766954E+01 -1.89421400E+01 -3.072636E+01  3.209352E+00  0.000000E+00  2.621804E+00  2.98232989E+03
     1   0.0000000E+00   2.4851E+01  -1.9245E+01  -1.5384E+01   4.4738E+01   0.0000E+00   6.6579E+00   1.4912E+04     1100      5    1.9528E+00   5.8540E-01   6.7522E-01   2.0363E+00   0.0000E+00   2.0214E+05   4.2604E-02   1901 MARKER     #End                                     

# PU_average (over trajct and pass #) : 
           Y               T                Z              P             path-L          D              time
    6.63115587E+01 -1.90027285E+01 -2.76578062E+01  1.15150908E+01  0.00000000E+00  3.42902246E+00  2.98233045E+03

 Max-PUSignal  
    6.63115587E+01 -1.90027285E+01 -2.765781E+01  1.151509E+01  0.000000E+00  3.429022E+00  2.98233045E+03
 Min-PUSignal  
    6.63115587E+01 -1.90027285E+01 -2.765781E+01  1.151509E+01  0.000000E+00  3.429022E+00  2.98233045E+03
     1   0.0000000E+00   4.9005E+00  -9.4040E+00   3.0927E+01   2.7945E+01   0.0000E+00   8.5723E+00   1.7894E+04     1100      6    1.4451E+00   3.3223E-01   1.5601E+00   1.0137E+00   0.0000E+00   2.9109E+05   6.9095E-02   1901 MARKER     #End                                     

# PU_average (over trajct and pass #) : 
           Y               T                Z              P             path-L          D              time
    5.60763906E+01 -1.74029433E+01 -1.78936938E+01  1.42534130E+01  0.00000000E+00  4.28624334E+00  2.98233107E+03

 Max-PUSignal  
    5.60763906E+01 -1.74029433E+01 -1.789369E+01  1.425341E+01  0.000000E+00  4.286243E+00  2.98233107E+03
 Min-PUSignal  
    5.60763906E+01 -1.74029433E+01 -1.789369E+01  1.425341E+01  0.000000E+00  4.286243E+00  2.98233107E+03
     1   0.0000000E+00  -2.2616E+01  -3.4000E+00   4.1187E+01  -1.2201E+01   0.0000E+00   1.0494E+01   2.0876E+04     1100      7    1.8786E+00   2.6000E-01   2.3708E+00   5.8952E-01   0.0000E+00   3.9620E+05   1.0252E-01   1901 MARKER     #End                                     

# PU_average (over trajct and pass #) : 
           Y               T                Z              P             path-L          D              time
    4.48346522E+01 -1.54025220E+01 -9.45356412E+00  1.04742551E+01  0.00000000E+00  5.17307899E+00  2.98233173E+03

 Max-PUSignal  
    4.48346522E+01 -1.54025220E+01 -9.453564E+00  1.047426E+01  0.000000E+00  5.173079E+00  2.98233173E+03
 Min-PUSignal  
    4.48346522E+01 -1.54025220E+01 -9.453564E+00  1.047426E+01  0.000000E+00  5.173079E+00  2.98233173E+03
     1   0.0000000E+00  -3.8539E+01   8.2733E+00   1.3110E+01  -3.3943E+01   0.0000E+00   1.2395E+01   2.3859E+04     1100      8    2.9473E+00   2.9531E-01   1.1011E+00   1.6247E+00   0.0000E+00   5.1749E+05   1.4225E-01   1901 MARKER     #End                                     

# PU_average (over trajct and pass #) : 
           Y               T                Z              P             path-L          D              time
    3.44129747E+01 -1.24430399E+01 -6.63307187E+00  4.92211937E+00  0.00000000E+00  6.07575852E+00  2.98233243E+03

 Max-PUSignal  
    3.44129747E+01 -1.24430399E+01 -6.633072E+00  4.922119E+00  0.000000E+00  6.075759E+00  2.98233243E+03
 Min-PUSignal  
    3.44129747E+01 -1.24430399E+01 -6.633072E+00  4.922119E+00  0.000000E+00  6.075759E+00  2.98233243E+03
     1   0.0000000E+00  -8.6692E+00   2.4304E+01  -1.7032E+01  -1.9849E+01   0.0000E+00   1.4178E+01   2.6841E+04     1100      9    1.7563E+00   8.0041E-01   1.3153E+00   1.0088E+00   0.0000E+00   6.5494E+05   1.8555E-01   1901 MARKER     #End                                     

# PU_average (over trajct and pass #) : 
           Y               T                Z              P             path-L          D              time
    2.96260649E+01 -8.36000428E+00 -7.78850773E+00  2.16975342E+00  0.00000000E+00  6.97598128E+00  2.98233315E+03

 Max-PUSignal  
    2.96260649E+01 -8.36000428E+00 -7.788508E+00  2.169753E+00  0.000000E+00  6.975981E+00  2.98233315E+03
 Min-PUSignal  
    2.96260649E+01 -8.36000428E+00 -7.788508E+00  2.169753E+00  0.000000E+00  6.975981E+00  2.98233315E+03
     1   0.0000000E+00   5.4381E+01   2.9122E+01  -2.5196E+01   5.5316E+00   0.0000E+00   1.5799E+01   2.9823E+04     1100     10    4.6732E+00   1.0880E+00   1.6873E+00   7.4124E-01   0.0000E+00   8.0857E+05   2.2988E-01   1901 MARKER     #End                                     

# PU_average (over trajct and pass #) : 
           Y               T                Z              P             path-L          D              time
    3.21015598E+01 -4.61175579E+00 -9.52927278E+00  2.50593562E+00  0.00000000E+00  7.85826104E+00  2.98233387E+03

 Max-PUSignal  
    3.21015598E+01 -4.61175579E+00 -9.529273E+00  2.505936E+00  0.000000E+00  7.858261E+00  2.98233387E+03
 Min-PUSignal  
    3.21015598E+01 -4.61175579E+00 -9.529273E+00  2.505936E+00  0.000000E+00  7.858261E+00  2.98233387E+03
     1   0.0000000E+00   9.3741E+01   1.3878E+01  -2.2083E+01   1.4755E+01   0.0000E+00   1.7184E+01   3.2806E+04     1100     11    1.0295E+01   5.1300E-01   1.4763E+00   9.6172E-01   0.0000E+00   9.7838E+05   2.7154E-01   1901 MARKER     #End                                     

# PU_average (over trajct and pass #) : 
           Y               T                Z              P             path-L          D              time
    3.77051326E+01 -2.93083125E+00 -1.06705270E+01  3.61949967E+00  0.00000000E+00  8.70602487E+00  2.98233458E+03

 Max-PUSignal  
    3.77051326E+01 -2.93083125E+00 -1.067053E+01  3.619500E+00  0.000000E+00  8.706025E+00  2.98233458E+03
 Min-PUSignal  
    3.77051326E+01 -2.93083125E+00 -1.067053E+01  3.619500E+00  0.000000E+00  8.706025E+00  2.98233458E+03
     1   0.0000000E+00   7.2177E+01  -4.8136E+00  -2.3162E+01   1.1347E+01   0.0000E+00   1.8326E+01   3.5788E+04     1100     12    7.3026E+00   4.2830E-01   1.5500E+00   8.7397E-01   0.0000E+00   1.1643E+06   3.0868E-01   1901 MARKER     #End                                     

# PU_average (over trajct and pass #) : 
           Y               T                Z              P             path-L          D              time
    4.05777671E+01 -3.08772504E+00 -1.17114636E+01  4.26342337E+00  0.00000000E+00  9.50768180E+00  2.98233527E+03

 Max-PUSignal  
    4.05777671E+01 -3.08772504E+00 -1.171146E+01  4.263423E+00  0.000000E+00  9.507682E+00  2.98233527E+03
 Min-PUSignal  
    4.05777671E+01 -3.08772504E+00 -1.171146E+01  4.263423E+00  0.000000E+00  9.507682E+00  2.98233527E+03
     1   0.0000000E+00   0.0000E+00   0.0000E+00   0.0000E+00   0.0000E+00   0.0000E+00   0.0000E+00   0.0000E+00        0     13    0.0000E+00   0.0000E+00   0.0000E+00   0.0000E+00   0.0000E+00   0.0000E+00   0.0000E+00   1901 MARKER     #End                                     

# PU_average (over trajct and pass #) : 
           Y               T                Z              P             path-L          D              time
    3.74564004E+01 -2.85020773E+00 -1.08105818E+01  3.93546772E+00  0.00000000E+00  8.77632166E+00  2.75292487E+03

 Max-PUSignal  
    3.74564004E+01 -2.85020773E+00 -1.081058E+01  3.935468E+00  0.000000E+00  8.776322E+00  2.75292487E+03
 Min-PUSignal  
    3.74564004E+01 -2.85020773E+00 -1.081058E+01  3.935468E+00  0.000000E+00  8.776322E+00  2.75292487E+03
