# Pgm pickup - storage file. 1  PU(s), located at keywords with first label : #End
# Pgm avorpr. Brute record at pick-ups :
#  PU#          Pos        S_Yco        S_Tco        S_Zco        S_Pco          S_L            D          S_t       #traj  Pass#
               (cm)         (cm)       (mrad)         (cm)       (mrad)         (cm)       (dp/p)       (mu_s)
     1   0.0000000E+00   5.8031E+00   2.6916E-01   0.0000E+00   0.0000E+00   0.0000E+00   6.1024E-02   2.7112E+02      100      1    3.8320E-01   5.1103E-03   0.0000E+00   0.0000E+00   0.0000E+00   7.3506E+02   1.1292E-04   1901 MARKER     #End                                     

# PU_average (over trajct and pass #) : 
           Y               T                Z              P             path-L          D              time
    5.80310575E+00  2.69158370E-01  0.00000000E+00  0.00000000E+00  0.00000000E+00  6.10239615E-02  2.71120796E+02

 Max-PUSignal  
    5.80310575E+00  2.69158370E-01  0.000000E+00  0.000000E+00  0.000000E+00  6.102396E-02  2.71120796E+02
 Min-PUSignal  
    5.80310575E+00  2.69158370E-01  0.000000E+00  0.000000E+00  0.000000E+00  6.102396E-02  2.71120796E+02
     1   0.0000000E+00   9.1464E+00  -1.3577E+00  -1.7692E+00  -7.8627E-01   0.0000E+00   1.6175E-01   5.4224E+02      100      2    9.1819E-01   3.0125E-02   3.5605E-02   7.0468E-03   0.0000E+00   2.9403E+03   4.0957E-04   1901 MARKER     #End                                     

# PU_average (over trajct and pass #) : 
           Y               T                Z              P             path-L          D              time
    7.47476272E+00 -5.44288532E-01 -8.84578651E-01 -3.93134890E-01  0.00000000E+00  1.11386766E-01  2.71120821E+02

 Max-PUSignal  
    7.47476272E+00 -5.44288532E-01 -8.845787E-01 -3.931349E-01  0.000000E+00  1.113868E-01  2.71120821E+02
 Min-PUSignal  
    7.47476272E+00 -5.44288532E-01 -8.845787E-01 -3.931349E-01  0.000000E+00  1.113868E-01  2.71120821E+02
     1   0.0000000E+00   7.9675E+00  -2.9005E+00  -4.4295E+00  -2.4535E-01   0.0000E+00   2.7826E-01   8.1336E+02      100      3    7.5923E-01   1.0166E-01   2.1279E-01   2.1380E-03   0.0000E+00   6.6156E+03   9.5491E-04   1901 MARKER     #End                                     

# PU_average (over trajct and pass #) : 
           Y               T                Z              P             path-L          D              time
    7.63902265E+00 -1.32968092E+00 -2.06622060E+00 -3.43872083E-01  0.00000000E+00  1.67009946E-01  2.71120855E+02

 Max-PUSignal  
    7.63902265E+00 -1.32968092E+00 -2.066221E+00 -3.438721E-01  0.000000E+00  1.670099E-01  2.71120855E+02
 Min-PUSignal  
    7.63902265E+00 -1.32968092E+00 -2.066221E+00 -3.438721E-01  0.000000E+00  1.670099E-01  2.71120855E+02
     1   0.0000000E+00   4.5943E+00  -2.9822E+00  -4.7775E+00   2.1795E+00   0.0000E+00   4.2684E-01   1.0845E+03      100      4    3.3851E-01   1.1038E-01   2.5620E-01   5.7553E-02   0.0000E+00   1.1761E+04   2.0046E-03   1901 MARKER     #End                                     

# PU_average (over trajct and pass #) : 
           Y               T                Z              P             path-L          D              time
    6.87783171E+00 -1.74282071E+00 -2.74403410E+00  2.86975356E-01  0.00000000E+00  2.31967066E-01  2.71120897E+02

 Max-PUSignal  
    6.87783171E+00 -1.74282071E+00 -2.744034E+00  2.869754E-01  0.000000E+00  2.319671E-01  2.71120897E+02
 Min-PUSignal  
    6.87783171E+00 -1.74282071E+00 -2.744034E+00  2.869754E-01  0.000000E+00  2.319671E-01  2.71120897E+02
     1   0.0000000E+00   2.4819E+00  -1.7367E+00  -1.4155E+00   3.9737E+00   0.0000E+00   5.8758E-01   1.3556E+03      100      5    1.8335E-01   5.3488E-02   6.6049E-02   1.7641E-01   0.0000E+00   1.8377E+04   3.6439E-03   1901 MARKER     #End                                     

# PU_average (over trajct and pass #) : 
           Y               T                Z              P             path-L          D              time
    5.99865135E+00 -1.74159268E+00 -2.47833055E+00  1.02432356E+00  0.00000000E+00  3.03088902E-01  2.71120945E+02

 Max-PUSignal  
    5.99865135E+00 -1.74159268E+00 -2.478331E+00  1.024324E+00  0.000000E+00  3.030889E-01  2.71120945E+02
 Min-PUSignal  
    5.99865135E+00 -1.74159268E+00 -2.478331E+00  1.024324E+00  0.000000E+00  3.030889E-01  2.71120945E+02
     1   0.0000000E+00   6.1585E-01  -9.3306E-01   2.6395E+00   2.4860E+00   0.0000E+00   7.5136E-01   1.6267E+03      100      6    1.2845E-01   2.9857E-02   1.2358E-01   9.2597E-02   0.0000E+00   2.6462E+04   5.8318E-03   1901 MARKER     #End                                     

# PU_average (over trajct and pass #) : 
           Y               T                Z              P             path-L          D              time
    5.10151705E+00 -1.60683704E+00 -1.62536464E+00  1.26793829E+00  0.00000000E+00  3.77800986E-01  2.71120999E+02

 Max-PUSignal  
    5.10151705E+00 -1.60683704E+00 -1.625365E+00  1.267938E+00  0.000000E+00  3.778010E-01  2.71120999E+02
 Min-PUSignal  
    5.10151705E+00 -1.60683704E+00 -1.625365E+00  1.267938E+00  0.000000E+00  3.778010E-01  2.71120999E+02
     1   0.0000000E+00  -2.1448E+00  -2.7374E-01   3.5605E+00  -1.0212E+00   0.0000E+00   9.3087E-01   1.8978E+03      100      7    2.0111E-01   2.3745E-02   2.0511E-01   5.0467E-02   0.0000E+00   3.6018E+04   8.8680E-03   1901 MARKER     #End                                     

# PU_average (over trajct and pass #) : 
           Y               T                Z              P             path-L          D              time
    4.06632578E+00 -1.41639519E+00 -8.84530153E-01  9.40912366E-01  0.00000000E+00  4.56810845E-01  2.71121056E+02

 Max-PUSignal  
    4.06632578E+00 -1.41639519E+00 -8.845302E-01  9.409124E-01  0.000000E+00  4.568108E-01  2.71121056E+02
 Min-PUSignal  
    4.06632578E+00 -1.41639519E+00 -8.845302E-01  9.409124E-01  0.000000E+00  4.568108E-01  2.71121056E+02
     1   0.0000000E+00  -3.1231E+00   8.1877E-01   1.2241E+00  -2.8963E+00   0.0000E+00   1.0902E+00   2.1690E+03      100      8    2.6994E-01   3.0432E-02   1.0945E-01   1.2997E-01   0.0000E+00   4.7044E+04   1.2087E-02   1901 MARKER     #End                                     

# PU_average (over trajct and pass #) : 
           Y               T                Z              P             path-L          D              time
    3.16764431E+00 -1.13699949E+00 -6.20947521E-01  4.61255391E-01  0.00000000E+00  5.35979888E-01  2.71121118E+02

 Max-PUSignal  
    3.16764431E+00 -1.13699949E+00 -6.209475E-01  4.612554E-01  0.000000E+00  5.359799E-01  2.71121118E+02
 Min-PUSignal  
    3.16764431E+00 -1.13699949E+00 -6.209475E-01  4.612554E-01  0.000000E+00  5.359799E-01  2.71121118E+02
     1   0.0000000E+00  -4.1244E-01   2.0890E+00  -1.4574E+00  -1.7945E+00   0.0000E+00   1.2640E+00   2.4401E+03      100      9    1.5087E-01   7.4072E-02   1.0749E-01   9.7373E-02   0.0000E+00   5.9540E+04   1.6175E-02   1901 MARKER     #End                                     

# PU_average (over trajct and pass #) : 
           Y               T                Z              P             path-L          D              time
    2.76985728E+00 -7.78553568E-01 -7.13885999E-01  2.10611740E-01  0.00000000E+00  6.16870510E-01  2.71121181E+02

 Max-PUSignal  
    2.76985728E+00 -7.78553568E-01 -7.138860E-01  2.106117E-01  0.000000E+00  6.168705E-01  2.71121181E+02
 Min-PUSignal  
    2.76985728E+00 -7.78553568E-01 -7.138860E-01  2.106117E-01  0.000000E+00  6.168705E-01  2.71121181E+02
     1   0.0000000E+00   4.9618E+00   2.4572E+00  -2.3524E+00   3.8891E-01   0.0000E+00   1.4189E+00   2.7112E+03      100     10    4.1205E-01   9.0019E-02   1.4034E-01   6.4047E-02   0.0000E+00   7.3507E+04   2.0341E-02   1901 MARKER     #End                                     

# PU_average (over trajct and pass #) : 
           Y               T                Z              P             path-L          D              time
    2.98905002E+00 -4.54974677E-01 -8.77740529E-01  2.28442057E-01  0.00000000E+00  6.97075906E-01  2.71121246E+02

 Max-PUSignal  
    2.98905002E+00 -4.54974677E-01 -8.777405E-01  2.284421E-01  0.000000E+00  6.970759E-01  2.71121246E+02
 Min-PUSignal  
    2.98905002E+00 -4.54974677E-01 -8.777405E-01  2.284421E-01  0.000000E+00  6.970759E-01  2.71121246E+02
     1   0.0000000E+00   8.1707E+00   1.1944E+00  -2.1552E+00   1.3369E+00   0.0000E+00   1.5585E+00   2.9823E+03      100     11    9.2511E-01   4.1687E-02   1.4102E-01   8.0197E-02   0.0000E+00   8.8943E+04   2.4537E-02   1901 MARKER     #End                                     

# PU_average (over trajct and pass #) : 
           Y               T                Z              P             path-L          D              time
    3.46011055E+00 -3.05032037E-01 -9.93871798E-01  3.29207808E-01  0.00000000E+00  7.75385291E-01  2.71121311E+02

 Max-PUSignal  
    3.46011055E+00 -3.05032037E-01 -9.938718E-01  3.292078E-01  0.000000E+00  7.753853E-01  2.71121311E+02
 Min-PUSignal  
    3.46011055E+00 -3.05032037E-01 -9.938718E-01  3.292078E-01  0.000000E+00  7.753853E-01  2.71121311E+02
     1   0.0000000E+00   6.2567E+00  -3.0683E-01  -2.0741E+00   1.1893E+00   0.0000E+00   1.6661E+00   3.2535E+03      100     12    7.0605E-01   3.5362E-02   1.6139E-01   7.1939E-02   0.0000E+00   1.0585E+05   2.8035E-02   1901 MARKER     #End                                     

# PU_average (over trajct and pass #) : 
           Y               T                Z              P             path-L          D              time
    3.69315839E+00 -3.05181629E-01 -1.08388705E+00  4.00880623E-01  0.00000000E+00  8.49614187E-01  2.71121375E+02

 Max-PUSignal  
    3.69315839E+00 -3.05181629E-01 -1.083887E+00  4.008806E-01  0.000000E+00  8.496142E-01  2.71121375E+02
 Min-PUSignal  
    3.69315839E+00 -3.05181629E-01 -1.083887E+00  4.008806E-01  0.000000E+00  8.496142E-01  2.71121375E+02
     1   0.0000000E+00   0.0000E+00   0.0000E+00   0.0000E+00   0.0000E+00   0.0000E+00   0.0000E+00   0.0000E+00        0     13    0.0000E+00   0.0000E+00   0.0000E+00   0.0000E+00   0.0000E+00   0.0000E+00   0.0000E+00   1901 MARKER     #End                                     

# PU_average (over trajct and pass #) : 
           Y               T                Z              P             path-L          D              time
    3.40906929E+00 -2.81706119E-01 -1.00051112E+00  3.70043652E-01  0.00000000E+00  7.84259250E-01  2.50265885E+02

 Max-PUSignal  
    3.40906929E+00 -2.81706119E-01 -1.000511E+00  3.700437E-01  0.000000E+00  7.842592E-01  2.50265885E+02
 Min-PUSignal  
    3.40906929E+00 -2.81706119E-01 -1.000511E+00  3.700437E-01  0.000000E+00  7.842592E-01  2.50265885E+02
