# Pgm pickup - storage file. 1  PU(s), located at keywords with first label : #End
# Pgm avorpr. Brute record at pick-ups :
#  PU#          Pos        S_Yco        S_Tco        S_Zco        S_Pco          S_L            D          S_t       #traj  Pass#
               (cm)         (cm)       (mrad)         (cm)       (mrad)         (cm)       (dp/p)       (mu_s)
     1   0.0000000E+00   3.5710E+01   1.9408E+00   0.0000E+00   0.0000E+00   0.0000E+00   3.6561E-01   1.6267E+03      600      1    2.4131E+00   3.7499E-02   0.0000E+00   0.0000E+00   0.0000E+00   4.4104E+03   6.7101E-04   1901 MARKER     #End                                     

# PU_average (over trajct and pass #) : 
           Y               T                Z              P             path-L          D              time
    3.57104597E+01  1.94078458E+00  0.00000000E+00  0.00000000E+00  0.00000000E+00  3.65611147E-01  1.62672477E+03

 Max-PUSignal  
    3.57104597E+01  1.94078458E+00  0.000000E+00  0.000000E+00  0.000000E+00  3.656111E-01  1.62672477E+03
 Min-PUSignal  
    3.57104597E+01  1.94078458E+00  0.000000E+00  0.000000E+00  0.000000E+00  3.656111E-01  1.62672477E+03
     1   0.0000000E+00   5.5936E+01  -8.1932E+00  -1.0886E+01  -4.8406E+00   0.0000E+00   9.5788E-01   3.2534E+03      600      2    5.7473E+00   1.8559E-01   2.2420E-01   4.4405E-02   0.0000E+00   1.7642E+04   2.3261E-03   1901 MARKER     #End                                     

# PU_average (over trajct and pass #) : 
           Y               T                Z              P             path-L          D              time
    4.58231576E+01 -3.12622477E+00 -5.44322905E+00 -2.42029723E+00  0.00000000E+00  6.61747167E-01  1.62672492E+03

 Max-PUSignal  
    4.58231576E+01 -3.12622477E+00 -5.443229E+00 -2.420297E+00  0.000000E+00  6.617472E-01  1.62672492E+03
 Min-PUSignal  
    4.58231576E+01 -3.12622477E+00 -5.443229E+00 -2.420297E+00  0.000000E+00  6.617472E-01  1.62672492E+03
     1   0.0000000E+00   4.7198E+01  -1.7888E+01  -2.7156E+01  -1.4642E+00   0.0000E+00   1.7013E+00   4.8802E+03      600      3    4.4844E+00   6.3565E-01   1.3359E+00   1.3111E-02   0.0000E+00   3.9694E+04   5.9491E-03   1901 MARKER     #End                                     

# PU_average (over trajct and pass #) : 
           Y               T                Z              P             path-L          D              time
    4.62815766E+01 -8.04685565E+00 -1.26806855E+01 -2.10161250E+00  0.00000000E+00  1.00826988E+00  1.62672513E+03

 Max-PUSignal  
    4.62815766E+01 -8.04685565E+00 -1.268069E+01 -2.101612E+00  0.000000E+00  1.008270E+00  1.62672513E+03
 Min-PUSignal  
    4.62815766E+01 -8.04685565E+00 -1.268069E+01 -2.101612E+00  0.000000E+00  1.008270E+00  1.62672513E+03
     1   0.0000000E+00   2.6788E+01  -1.7383E+01  -2.8735E+01   1.3608E+01   0.0000E+00   2.6120E+00   6.5069E+03      600      4    2.0635E+00   6.3951E-01   1.5472E+00   3.7073E-01   0.0000E+00   7.0566E+04   1.2645E-02   1901 MARKER     #End                                     

# PU_average (over trajct and pass #) : 
           Y               T                Z              P             path-L          D              time
    4.14082204E+01 -1.03808364E+01 -1.66943598E+01  1.82579945E+00  0.00000000E+00  1.40919229E+00  1.62672539E+03

 Max-PUSignal  
    4.14082204E+01 -1.03808364E+01 -1.669436E+01  1.825799E+00  0.000000E+00  1.409192E+00  1.62672539E+03
 Min-PUSignal  
    4.14082204E+01 -1.03808364E+01 -1.669436E+01  1.825799E+00  0.000000E+00  1.409192E+00  1.62672539E+03
     1   0.0000000E+00   1.3936E+01  -1.0169E+01  -7.7355E+00   2.4228E+01   0.0000E+00   3.5754E+00   8.1336E+03      600      5    1.1670E+00   3.2226E-01   3.8781E-01   1.0936E+00   0.0000E+00   1.1026E+05   2.2636E-02   1901 MARKER     #End                                     

# PU_average (over trajct and pass #) : 
           Y               T                Z              P             path-L          D              time
    3.59137932E+01 -1.03384907E+01 -1.49025975E+01  6.30614424E+00  0.00000000E+00  1.84243783E+00  1.62672568E+03

 Max-PUSignal  
    3.59137932E+01 -1.03384907E+01 -1.490260E+01  6.306144E+00  0.000000E+00  1.842438E+00  1.62672568E+03
 Min-PUSignal  
    3.59137932E+01 -1.03384907E+01 -1.490260E+01  6.306144E+00  0.000000E+00  1.842438E+00  1.62672568E+03
     1   0.0000000E+00   3.7982E+00  -4.7997E+00   1.6877E+01   1.4617E+01   0.0000E+00   4.6494E+00   9.7604E+03      600      6    8.0223E-01   1.9325E-01   8.7251E-01   5.3539E-01   0.0000E+00   1.5877E+05   3.7526E-02   1901 MARKER     #End                                     

# PU_average (over trajct and pass #) : 
           Y               T                Z              P             path-L          D              time
    3.05611923E+01 -9.41535813E+00 -9.60597671E+00  7.69133897E+00  0.00000000E+00  2.31026111E+00  1.62672602E+03

 Max-PUSignal  
    3.05611923E+01 -9.41535813E+00 -9.605977E+00  7.691339E+00  0.000000E+00  2.310261E+00  1.62672602E+03
 Min-PUSignal  
    3.05611923E+01 -9.41535813E+00 -9.605977E+00  7.691339E+00  0.000000E+00  2.310261E+00  1.62672602E+03
     1   0.0000000E+00  -1.1313E+01  -2.5164E+00   2.1490E+01  -7.0735E+00   0.0000E+00   5.7255E+00   1.1387E+04      600      7    1.0486E+00   1.4672E-01   1.2184E+00   3.5857E-01   0.0000E+00   2.1611E+05   5.6068E-02   1901 MARKER     #End                                     

# PU_average (over trajct and pass #) : 
           Y               T                Z              P             path-L          D              time
    2.45791222E+01 -8.42979836E+00 -5.16365492E+00  5.58208137E+00  0.00000000E+00  2.79815582E+00  1.62672638E+03

 Max-PUSignal  
    2.45791222E+01 -8.42979836E+00 -5.163655E+00  5.582081E+00  0.000000E+00  2.798156E+00  1.62672638E+03
 Min-PUSignal  
    2.45791222E+01 -8.42979836E+00 -5.163655E+00  5.582081E+00  0.000000E+00  2.798156E+00  1.62672638E+03
     1   0.0000000E+00  -2.0294E+01   4.1720E+00   5.9811E+00  -1.8078E+01   0.0000E+00   6.7666E+00   1.3014E+04      600      8    1.6035E+00   1.6506E-01   6.2297E-01   8.6184E-01   0.0000E+00   2.8227E+05   7.7665E-02   1901 MARKER     #End                                     

# PU_average (over trajct and pass #) : 
           Y               T                Z              P             path-L          D              time
    1.89700088E+01 -6.85456914E+00 -3.77055679E+00  2.62453771E+00  0.00000000E+00  3.29421423E+00  1.62672677E+03

 Max-PUSignal  
    1.89700088E+01 -6.85456914E+00 -3.770557E+00  2.624538E+00  0.000000E+00  3.294214E+00  1.62672677E+03
 Min-PUSignal  
    1.89700088E+01 -6.85456914E+00 -3.770557E+00  2.624538E+00  0.000000E+00  3.294214E+00  1.62672677E+03
     1   0.0000000E+00  -4.6338E+00   1.3179E+01  -9.5958E+00  -9.8270E+00   0.0000E+00   7.7463E+00   1.4641E+04      600      9    9.6030E-01   4.4243E-01   7.6326E-01   5.2768E-01   0.0000E+00   3.5724E+05   1.0133E-01   1901 MARKER     #End                                     

# PU_average (over trajct and pass #) : 
           Y               T                Z              P             path-L          D              time
    1.63473686E+01 -4.62856756E+00 -4.41780186E+00  1.24103074E+00  0.00000000E+00  3.78889310E+00  1.62672716E+03

 Max-PUSignal  
    1.63473686E+01 -4.62856756E+00 -4.417802E+00  1.241031E+00  0.000000E+00  3.788893E+00  1.62672716E+03
 Min-PUSignal  
    1.63473686E+01 -4.62856756E+00 -4.417802E+00  1.241031E+00  0.000000E+00  3.788893E+00  1.62672716E+03
     1   0.0000000E+00   2.9937E+01   1.5580E+01  -1.2889E+01   3.6855E+00   0.0000E+00   8.6307E+00   1.6267E+04      600     10    2.5781E+00   5.7224E-01   8.5295E-01   4.5793E-01   0.0000E+00   4.4104E+05   1.2555E-01   1901 MARKER     #End                                     

# PU_average (over trajct and pass #) : 
           Y               T                Z              P             path-L          D              time
    1.77063477E+01 -2.60768985E+00 -5.26495080E+00  1.48547444E+00  0.00000000E+00  4.27307113E+00  1.62672755E+03

 Max-PUSignal  
    1.77063477E+01 -2.60768985E+00 -5.264951E+00  1.485474E+00  0.000000E+00  4.273071E+00  1.62672755E+03
 Min-PUSignal  
    1.77063477E+01 -2.60768985E+00 -5.264951E+00  1.485474E+00  0.000000E+00  4.273071E+00  1.62672755E+03
     1   0.0000000E+00   5.0268E+01   7.2707E+00  -1.1065E+01   7.6536E+00   0.0000E+00   9.3896E+00   1.7894E+04      600     11    5.5113E+00   2.6759E-01   8.1746E-01   5.0622E-01   0.0000E+00   5.3366E+05   1.4855E-01   1901 MARKER     #End                                     

# PU_average (over trajct and pass #) : 
           Y               T                Z              P             path-L          D              time
    2.06664951E+01 -1.70965256E+00 -5.79223723E+00  2.04621751E+00  0.00000000E+00  4.73820730E+00  1.62672795E+03

 Max-PUSignal  
    2.06664951E+01 -1.70965256E+00 -5.792237E+00  2.046218E+00  0.000000E+00  4.738207E+00  1.62672795E+03
 Min-PUSignal  
    2.06664951E+01 -1.70965256E+00 -5.792237E+00  2.046218E+00  0.000000E+00  4.738207E+00  1.62672795E+03
     1   0.0000000E+00   3.7468E+01  -2.7629E+00  -1.2320E+01   5.3739E+00   0.0000E+00   1.0005E+01   1.9521E+04      600     12    3.7160E+00   2.3869E-01   8.5617E-01   4.6679E-01   0.0000E+00   6.3510E+05   1.6865E-01   1901 MARKER     #End                                     

# PU_average (over trajct and pass #) : 
           Y               T                Z              P             path-L          D              time
    2.20666092E+01 -1.79742323E+00 -6.33625130E+00  2.32352165E+00  0.00000000E+00  5.17713629E+00  1.62672832E+03

 Max-PUSignal  
    2.20666092E+01 -1.79742323E+00 -6.336251E+00  2.323522E+00  0.000000E+00  5.177136E+00  1.62672832E+03
 Min-PUSignal  
    2.20666092E+01 -1.79742323E+00 -6.336251E+00  2.323522E+00  0.000000E+00  5.177136E+00  1.62672832E+03
     1   0.0000000E+00   0.0000E+00   0.0000E+00   0.0000E+00   0.0000E+00   0.0000E+00   0.0000E+00   0.0000E+00        0     13    0.0000E+00   0.0000E+00   0.0000E+00   0.0000E+00   0.0000E+00   0.0000E+00   0.0000E+00   1901 MARKER     #End                                     

# PU_average (over trajct and pass #) : 
           Y               T                Z              P             path-L          D              time
    2.03691777E+01 -1.65915990E+00 -5.84884735E+00  2.14478921E+00  0.00000000E+00  4.77889504E+00  1.50159538E+03

 Max-PUSignal  
    2.03691777E+01 -1.65915990E+00 -5.848847E+00  2.144789E+00  0.000000E+00  4.778895E+00  1.50159538E+03
 Min-PUSignal  
    2.03691777E+01 -1.65915990E+00 -5.848847E+00  2.144789E+00  0.000000E+00  4.778895E+00  1.50159538E+03
